Started by an SCM change
Updating svn://localhost/gameoflife/trunk
U         src/main/java/com/ciwithhudson/gameoflife/domain/LivingCell.java
At revision 15
JDK installation skipped: Unknown CPU name: mac os x
[workspace] $ /Users/johnsmart/Projects/Books/continuous-integration-with-hudson/resources/book-examples/chapter-automated-tests/hudson-data/tools/Maven_2.2.1/bin/mvn verify
[INFO] Scanning for projects...
[INFO] ------------------------------------------------------------------------
[INFO] Building Game of Life business logic module
[INFO]    task-segment: [verify]
[INFO] ------------------------------------------------------------------------
[INFO] [resources:resources {execution: default-resources}]
[WARNING] Using platform encoding (MacRoman actually) to copy filtered resources, i.e. build is platform dependent!
[INFO] Copying 0 resource
[INFO] [compiler:compile {execution: default-compile}]
[WARNING] File encoding has not been set, using platform encoding MacRoman, i.e. build is platform dependent!
[INFO] Compiling 1 source file to /Users/johnsmart/Projects/Books/continuous-integration-with-hudson/resources/book-examples/chapter-automated-tests/hudson-data/jobs/gameoflife-default-freestyle/workspace/target/classes
[INFO] [resources:testResources {execution: default-testResources}]
[WARNING] Using platform encoding (MacRoman actually) to copy filtered resources, i.e. build is platform dependent!
[INFO] Copying 0 resource
[INFO] [compiler:testCompile {execution: default-testCompile}]
[INFO] Nothing to compile - all classes are up to date
[INFO] [surefire:test {execution: default-test}]
[INFO] Surefire report directory: /Users/johnsmart/Projects/Books/continuous-integration-with-hudson/resources/book-examples/chapter-automated-tests/hudson-data/jobs/gameoflife-default-freestyle/workspace/target/surefire-reports

-------------------------------------------------------
 T E S T S
-------------------------------------------------------
Running com.ciwithhudson.gameoflife.domain.GridTest
Tests run: 2, Failures: 0, Errors: 0, Skipped: 0, Time elapsed: 0.148 sec
Running com.ciwithhudson.gameoflife.domain.CellTest
Tests run: 4, Failures: 0, Errors: 0, Skipped: 0, Time elapsed: 0.012 sec
Running com.ciwithhudson.gameoflife.domain.UniverseTest
Tests run: 16, Failures: 3, Errors: 0, Skipped: 0, Time elapsed: 0.128 sec <<< FAILURE!

Results :

Failed tests: 
  aLiveCellWithNoNeighboursWillDieInTheNextGeneration(com.ciwithhudson.gameoflife.domain.UniverseTest)
  aLiveCellWithOneNeighbourWillDieInTheNextGeneration(com.ciwithhudson.gameoflife.domain.UniverseTest)
  aUniverseCanHaveManySuccessiveGeneration(com.ciwithhudson.gameoflife.domain.UniverseTest)

Tests run: 22, Failures: 3, Errors: 0, Skipped: 0

[INFO] ------------------------------------------------------------------------
[ERROR] BUILD FAILURE
[INFO] ------------------------------------------------------------------------
[INFO] There are test failures.

Please refer to /Users/johnsmart/Projects/Books/continuous-integration-with-hudson/resources/book-examples/chapter-automated-tests/hudson-data/jobs/gameoflife-default-freestyle/workspace/target/surefire-reports for the individual test results.
[INFO] ------------------------------------------------------------------------
[INFO] For more information, run Maven with the -e switch
[INFO] ------------------------------------------------------------------------
[INFO] Total time: 8 seconds
[INFO] Finished at: Fri May 21 22:45:46 NZST 2010
[INFO] Final Memory: 19M/80M
[INFO] ------------------------------------------------------------------------
Recording test results
JDK installation skipped: Unknown CPU name: mac os x
Finished: FAILURE
